<?xml version="1.0" encoding="UTF-8"?>
<!-- Generated by org.testng.reporters.JUnitReportReporter -->
<testsuite hostname="Tresa" failures="0" tests="1" name="com.naveenautomation.tests.GiftcertificatePageTest" time="8.952" errors="0" timestamp="2024-03-19T15:40:09 EDT" skipped="0">
  <testcase classname="com.naveenautomation.tests.GiftcertificatePageTest" name="validateGiftCertificate" time="8.952"/>
  <system-out/>
</testsuite> <!-- com.naveenautomation.tests.GiftcertificatePageTest -->
