<?xml version="1.0" encoding="UTF-8"?>
<!-- Generated by org.testng.reporters.JUnitReportReporter -->
<testsuite hostname="Tresa" failures="0" tests="1" name="com.naveenautomation.tests.ReturnsPageTest" time="8.569" errors="0" timestamp="2024-03-10T06:32:31 EDT" skipped="0">
  <testcase classname="com.naveenautomation.tests.ReturnsPageTest" name="validateReturnsPage" time="8.569"/>
  <system-out/>
</testsuite> <!-- com.naveenautomation.tests.ReturnsPageTest -->
