<?xml version="1.0" encoding="UTF-8"?>
<!-- Generated by org.testng.reporters.JUnitReportReporter -->
<testsuite hostname="Tresa" failures="0" tests="1" name="com.naveenautomation.tests.MyAccountPageTest" time="9.231" errors="0" timestamp="2024-03-19T15:35:06 EDT" skipped="0">
  <testcase classname="com.naveenautomation.tests.MyAccountPageTest" name="validateNewsLetterPage" time="9.231"/>
  <system-out/>
</testsuite> <!-- com.naveenautomation.tests.MyAccountPageTest -->
