<?xml version="1.0" encoding="UTF-8"?>
<!-- Generated by org.testng.reporters.JUnitReportReporter -->
<testsuite hostname="Tresa" failures="0" tests="1" name="com.naveenautomation.tests.ContactUsPageTest" time="9.346" errors="0" timestamp="2024-03-19T16:00:09 EDT" skipped="0">
  <testcase classname="com.naveenautomation.tests.ContactUsPageTest" name="validateContactUs" time="9.346"/>
  <system-out/>
</testsuite> <!-- com.naveenautomation.tests.ContactUsPageTest -->
