<?xml version="1.0" encoding="UTF-8"?>
<!-- Generated by org.testng.reporters.JUnitReportReporter -->
<testsuite hostname="Tresa" failures="0" tests="1" name="com.naveenautomation.tests.AccountLoginPageTest" time="6.813" errors="0" timestamp="2024-03-10T06:32:31 EDT" skipped="0">
  <testcase classname="com.naveenautomation.tests.AccountLoginPageTest" name="validateLogin" time="6.813"/>
  <system-out/>
</testsuite> <!-- com.naveenautomation.tests.AccountLoginPageTest -->
